Start testing: Jun 07 07:51 UTC
----------------------------------------------------------
1/2 Testing: GooTest.TestGetValueWithZero
1/2 Test: GooTest.TestGetValueWithZero
Command: "/workspaces/demo_1/.build/goo_test" "--gtest_filter=GooTest.TestGetValueWithZero" "--gtest_also_run_disabled_tests" "--gtest_output=xml:/workspaces/demo_1/.build/gtest-report/GooTest.TestGetValueWithZero.xml"
Directory: /workspaces/demo_1/.build
"GooTest.TestGetValueWithZero" start time: Jun 07 07:51 UTC
Output:
----------------------------------------------------------
Running main() from /workspaces/demo_1/.build/_deps/googletest-src/googletest/src/gtest_main.cc
Note: Google Test filter = GooTest.TestGetValueWithZero
[==========] Running 1 test from 1 test suite.
[----------] Global test environment set-up.
[----------] 1 test from GooTest
[ RUN      ] GooTest.TestGetValueWithZero
[       OK ] GooTest.TestGetValueWithZero (0 ms)
[----------] 1 test from GooTest (0 ms total)

[----------] Global test environment tear-down
[==========] 1 test from 1 test suite ran. (0 ms total)
[  PASSED  ] 1 test.
<end of output>
Test time =   0.01 sec
----------------------------------------------------------
Test Passed.
"GooTest.TestGetValueWithZero" end time: Jun 07 07:51 UTC
"GooTest.TestGetValueWithZero" time elapsed: 00:00:00
----------------------------------------------------------

2/2 Testing: GooTest.TestGetValueWithPositive
2/2 Test: GooTest.TestGetValueWithPositive
Command: "/workspaces/demo_1/.build/goo_test" "--gtest_filter=GooTest.TestGetValueWithPositive" "--gtest_also_run_disabled_tests" "--gtest_output=xml:/workspaces/demo_1/.build/gtest-report/GooTest.TestGetValueWithPositive.xml"
Directory: /workspaces/demo_1/.build
"GooTest.TestGetValueWithPositive" start time: Jun 07 07:51 UTC
Output:
----------------------------------------------------------
Running main() from /workspaces/demo_1/.build/_deps/googletest-src/googletest/src/gtest_main.cc
Note: Google Test filter = GooTest.TestGetValueWithPositive
[==========] Running 1 test from 1 test suite.
[----------] Global test environment set-up.
[----------] 1 test from GooTest
[ RUN      ] GooTest.TestGetValueWithPositive
[       OK ] GooTest.TestGetValueWithPositive (0 ms)
[----------] 1 test from GooTest (0 ms total)

[----------] Global test environment tear-down
[==========] 1 test from 1 test suite ran. (0 ms total)
[  PASSED  ] 1 test.
<end of output>
Test time =   0.01 sec
----------------------------------------------------------
Test Passed.
"GooTest.TestGetValueWithPositive" end time: Jun 07 07:51 UTC
"GooTest.TestGetValueWithPositive" time elapsed: 00:00:00
----------------------------------------------------------

End testing: Jun 07 07:51 UTC
