<?xml version="1.0" encoding="UTF-8"?>
<testsuites tests="1" failures="0" disabled="0" errors="0" time="0" timestamp="2024-06-07T07:51:11.848" name="AllTests">
  <testsuite name="GooTest" tests="1" failures="0" disabled="0" skipped="0" errors="0" time="0" timestamp="2024-06-07T07:51:11.848">
    <testcase name="TestGetValueWithPositive" status="run" result="completed" time="0" timestamp="2024-06-07T07:51:11.848" classname="GooTest">
<properties>
<property name="cpptest_filename" value="/workspaces/demo_1/goo_test.cpp"/>
<property name="req" value="REQ-123-POSITIVE"/>
</properties>
    </testcase>
  </testsuite>
</testsuites>
