<?xml version="1.0" encoding="UTF-8"?>
<testsuites tests="1" failures="0" disabled="0" errors="0" time="0.007" timestamp="2024-06-07T07:36:17.312" name="AllTests">
  <testsuite name="GooTest" tests="1" failures="0" disabled="0" skipped="0" errors="0" time="0.006" timestamp="2024-06-07T07:36:17.313">
    <testcase name="TestGetValueWithZero" status="run" result="completed" time="0.006" timestamp="2024-06-07T07:36:17.313" classname="GooTest">
<properties>
<property name="cpptest_filename" value="/workspaces/demo_1/goo_test.cpp"/>
<property name="req" value="REQ-123-ZERO"/>
</properties>
    </testcase>
  </testsuite>
</testsuites>
